<?xml version="1.0" encoding="UTF-8"?>
<!-- Generated by org.testng.reporters.JUnitReportReporter -->
<testsuite hostname="DESKTOP-1U1S0Q0" failures="0" tests="4" name="Tests.CustomerLoginTest" time="22.208" errors="0" timestamp="2024-08-12T23:42:33 IST" skipped="0">
  <testcase classname="Tests.CustomerLoginTest" name="customerlogin" time="5.418"/>
  <testcase classname="Tests.CustomerLoginTest" name="customerlogin" time="5.433"/>
  <testcase classname="Tests.CustomerLoginTest" name="customerlogin" time="5.917"/>
  <testcase classname="Tests.CustomerLoginTest" name="customerlogin" time="5.440"/>
</testsuite> <!-- Tests.CustomerLoginTest -->
