<?xml version="1.0" encoding="UTF-8"?>
<!-- Generated by org.testng.reporters.JUnitReportReporter -->
<testsuite hostname="DESKTOP-1U1S0Q0" failures="0" tests="17" name="Tests.Banking4" time="25.595" errors="0" timestamp="2024-04-06T19:47:44 IST" skipped="0">
  <testcase classname="Tests.Banking4" name="LoginasBankManager" time="0.065"/>
  <testcase classname="Tests.Banking4" name="addcustomer" time="0.593"/>
  <testcase classname="Tests.Banking4" name="addcustomer" time="0.197"/>
  <testcase classname="Tests.Banking4" name="addcustomer" time="0.196"/>
  <testcase classname="Tests.Banking4" name="addcustomer" time="0.185"/>
  <testcase classname="Tests.Banking4" name="openaccount" time="0.247"/>
  <testcase classname="Tests.Banking4" name="openaccount" time="0.226"/>
  <testcase classname="Tests.Banking4" name="openaccount" time="0.338"/>
  <testcase classname="Tests.Banking4" name="openaccount" time="0.200"/>
  <testcase classname="Tests.Banking4" name="customerlogin" time="5.430"/>
  <testcase classname="Tests.Banking4" name="customerlogin" time="5.910"/>
  <testcase classname="Tests.Banking4" name="customerlogin" time="5.429"/>
  <testcase classname="Tests.Banking4" name="customerlogin" time="5.470"/>
  <testcase classname="Tests.Banking4" name="deletecustomer" time="0.465"/>
  <testcase classname="Tests.Banking4" name="deletecustomer" time="0.226"/>
  <testcase classname="Tests.Banking4" name="deletecustomer" time="0.214"/>
  <testcase classname="Tests.Banking4" name="deletecustomer" time="0.204"/>
</testsuite> <!-- Tests.Banking4 -->
