<?xml version="1.0" encoding="UTF-8"?>
<!-- Generated by org.testng.reporters.JUnitReportReporter -->
<testsuite hostname="DESKTOP-1U1S0Q0" failures="0" tests="4" name="Tests.DeleteTest" time="1.213" errors="0" timestamp="2024-08-12T23:42:33 IST" skipped="0">
  <testcase classname="Tests.DeleteTest" name="deletecustomer" time="0.523"/>
  <testcase classname="Tests.DeleteTest" name="deletecustomer" time="0.228"/>
  <testcase classname="Tests.DeleteTest" name="deletecustomer" time="0.227"/>
  <testcase classname="Tests.DeleteTest" name="deletecustomer" time="0.235"/>
</testsuite> <!-- Tests.DeleteTest -->
