<?xml version="1.0" encoding="UTF-8"?>
<!-- Generated by org.testng.reporters.JUnitReportReporter -->
<testsuite hostname="DESKTOP-1U1S0Q0" failures="0" tests="1" name="Tests.LoginTest" time="0.070" errors="0" timestamp="2024-08-12T23:42:33 IST" skipped="0">
  <testcase classname="Tests.LoginTest" name="LoginasBankManager" time="0.070"/>
</testsuite> <!-- Tests.LoginTest -->
