<?xml version="1.0" encoding="UTF-8"?>
<!-- Generated by org.testng.reporters.JUnitReportReporter -->
<testsuite hostname="DESKTOP-1U1S0Q0" failures="0" tests="7" name="Tests.Banking" time="7.152" errors="0" timestamp="2024-03-30T15:26:06 IST" skipped="0">
  <testcase classname="Tests.Banking" name="LoginasBankManager" time="0.051"/>
  <testcase classname="Tests.Banking" name="addcustomer" time="0.389"/>
  <testcase classname="Tests.Banking" name="openaccount" time="0.491"/>
  <testcase classname="Tests.Banking" name="customerlogin" time="0.280"/>
  <testcase classname="Tests.Banking" name="deposit" time="0.321"/>
  <testcase classname="Tests.Banking" name="withdraw" time="5.163"/>
  <testcase classname="Tests.Banking" name="deletecustomer" time="0.457"/>
</testsuite> <!-- Tests.Banking -->
