<?xml version="1.0" encoding="UTF-8"?>
<!-- Generated by org.testng.reporters.JUnitReportReporter -->
<testsuite hostname="DESKTOP-1U1S0Q0" failures="0" tests="4" name="Tests.OpenAccountTest" time="1.072" errors="0" timestamp="2024-08-12T23:42:33 IST" skipped="0">
  <testcase classname="Tests.OpenAccountTest" name="openaccount" time="0.213"/>
  <testcase classname="Tests.OpenAccountTest" name="openaccount" time="0.431"/>
  <testcase classname="Tests.OpenAccountTest" name="openaccount" time="0.226"/>
  <testcase classname="Tests.OpenAccountTest" name="openaccount" time="0.202"/>
</testsuite> <!-- Tests.OpenAccountTest -->
