<?xml version="1.0" encoding="UTF-8"?>
<!-- Generated by org.testng.reporters.JUnitReportReporter -->
<testsuite hostname="DESKTOP-1U1S0Q0" failures="0" tests="4" name="Tests.AddCustomerTest" time="1.008" errors="0" timestamp="2024-08-12T23:42:33 IST" skipped="0">
  <testcase classname="Tests.AddCustomerTest" name="addcustomer" time="0.198"/>
  <testcase classname="Tests.AddCustomerTest" name="addcustomer" time="0.415"/>
  <testcase classname="Tests.AddCustomerTest" name="addcustomer" time="0.189"/>
  <testcase classname="Tests.AddCustomerTest" name="addcustomer" time="0.206"/>
</testsuite> <!-- Tests.AddCustomerTest -->
