<?xml version="1.0" encoding="UTF-8"?>
<!-- Generated by org.testng.reporters.JUnitReportReporter -->
<testsuite hostname="DESKTOP-1U1S0Q0" failures="0" tests="5" name="Tests.Banking2" time="7.328" errors="0" timestamp="2024-04-06T19:19:19 IST" skipped="0">
  <testcase classname="Tests.Banking2" name="LoginasBankManager" time="0.063"/>
  <testcase classname="Tests.Banking2" name="addcustomer" time="0.544"/>
  <testcase classname="Tests.Banking2" name="openaccount" time="0.346"/>
  <testcase classname="Tests.Banking2" name="customerlogin" time="5.923"/>
  <testcase classname="Tests.Banking2" name="deletecustomer" time="0.452"/>
</testsuite> <!-- Tests.Banking2 -->
